0 info it worked if it ends with ok
1 verbose cli [ 'C:\\Program Files\\nodejs\\node.exe',
1 verbose cli   'C:\\Program Files\\nodejs\\node_modules\\npm\\bin\\npm-cli.js',
1 verbose cli   'install' ]
2 info using npm@3.10.10
3 info using node@v6.10.3
4 silly loadCurrentTree Starting
5 silly install loadCurrentTree
6 silly install readLocalPackageData
7 silly install normalizeTree
8 silly loadCurrentTree Finishing
9 silly loadIdealTree Starting
10 silly install loadIdealTree
11 silly cloneCurrentTree Starting
12 silly install cloneCurrentTreeToIdealTree
13 silly cloneCurrentTree Finishing
14 silly loadShrinkwrap Starting
15 silly install loadShrinkwrap
16 silly loadShrinkwrap Finishing
17 silly loadAllDepsIntoIdealTree Starting
18 silly install loadAllDepsIntoIdealTree
19 silly fetchNamedPackageData fsevents
20 silly mapToRegistry name fsevents
21 silly mapToRegistry using default registry
22 silly mapToRegistry registry http://shc-nexus-repo.hpeswlab.net:8080/repository/npm-group/
23 silly mapToRegistry data Result {
23 silly mapToRegistry   raw: 'fsevents',
23 silly mapToRegistry   scope: null,
23 silly mapToRegistry   escapedName: 'fsevents',
23 silly mapToRegistry   name: 'fsevents',
23 silly mapToRegistry   rawSpec: '',
23 silly mapToRegistry   spec: 'latest',
23 silly mapToRegistry   type: 'tag' }
24 silly mapToRegistry uri http://shc-nexus-repo.hpeswlab.net:8080/repository/npm-group/fsevents
25 verbose request uri http://shc-nexus-repo.hpeswlab.net:8080/repository/npm-group/fsevents
26 verbose request no auth needed
27 info attempt registry request try #1 at 10:42:24
28 verbose request id ce38b7e7f474458e
29 http request GET http://shc-nexus-repo.hpeswlab.net:8080/repository/npm-group/fsevents
30 http 404 http://shc-nexus-repo.hpeswlab.net:8080/repository/npm-group/fsevents
31 verbose headers { date: 'Mon, 10 Jul 2017 02:47:32 GMT',
31 verbose headers   server: 'Nexus/3.3.1-01 (OSS)',
31 verbose headers   'x-frame-options': 'SAMEORIGIN',
31 verbose headers   'x-content-type-options': 'nosniff',
31 verbose headers   'content-type': 'application/json',
31 verbose headers   'content-length': '37',
31 verbose headers   connection: 'Keep-Alive',
31 verbose headers   age: '0' }
32 silly get cb [ 304, undefined ]
33 verbose get saving undefined to C:\Users\hujiale\AppData\Roaming\npm-cache\shc-nexus-repo.hpeswlab.net_8080\repository\npm-group\fsevents\.cache.json
34 verbose correctMkdir C:\Users\hujiale\AppData\Roaming\npm-cache correctMkdir not in flight; initializing
35 verbose stack TypeError: Cannot convert undefined or null to object
35 verbose stack     at pickVersionFromRegistryDocument (C:\Program Files\nodejs\node_modules\npm\lib\fetch-package-metadata.js:125:29)
35 verbose stack     at C:\Program Files\nodejs\node_modules\npm\node_modules\iferr\index.js:13:50
35 verbose stack     at C:\Program Files\nodejs\node_modules\npm\lib\utils\pulse-till-done.js:20:8
35 verbose stack     at saved (C:\Program Files\nodejs\node_modules\npm\lib\cache\caching-client.js:174:7)
35 verbose stack     at C:\Program Files\nodejs\node_modules\npm\node_modules\graceful-fs\polyfills.js:241:18
35 verbose stack     at FSReqWrap.oncomplete (fs.js:123:15)
36 verbose cwd C:\work\task7\react-itsma
37 error Windows_NT 6.1.7601
38 error argv "C:\\Program Files\\nodejs\\node.exe" "C:\\Program Files\\nodejs\\node_modules\\npm\\bin\\npm-cli.js" "install"
39 error node v6.10.3
40 error npm  v3.10.10
41 error Cannot convert undefined or null to object
42 error If you need help, you may report this error at:
42 error     <https://github.com/npm/npm/issues>
43 verbose exit [ 1, true ]
